0 info it worked if it ends with ok
1 verbose cli [ 'C:\\Program Files\\nodejs\\node.exe',
1 verbose cli   'C:\\Users\\Silverblade\\AppData\\Roaming\\npm\\node_modules\\npm\\bin\\npm-cli.js',
1 verbose cli   'start' ]
2 info using npm@4.0.2
3 info using node@v6.9.1
4 verbose run-script [ 'prestart', 'start', 'poststart' ]
5 info lifecycle angular-quickstart@1.0.0~prestart: angular-quickstart@1.0.0
6 silly lifecycle angular-quickstart@1.0.0~prestart: no script for prestart, continuing
7 info lifecycle angular-quickstart@1.0.0~start: angular-quickstart@1.0.0
8 verbose lifecycle angular-quickstart@1.0.0~start: unsafe-perm in lifecycle true
9 verbose lifecycle angular-quickstart@1.0.0~start: PATH: C:\Users\Silverblade\AppData\Roaming\npm\node_modules\npm\bin\node-gyp-bin;C:\angular-practice\node_modules\.bin;C:\Program Files\ImageMagick-7.0.3-Q16;C:\RailsInstaller\Ruby2.2.0\bin;C:\Python34\;C:\Python34\Scripts;C:\Program Files (x86)\NVIDIA Corporation\PhysX\Common;C:\Program Files\Common Files\Microsoft Shared\Windows Live;C:\Program Files (x86)\Common Files\Microsoft Shared\Windows Live;C:\Program Files (x86)\Intel\iCLS Client\;C:\Program Files\Intel\iCLS Client\;C:\ProgramData\Oracle\Java\javapath;C:\Windows\system32;C:\Windows;C:\Windows\System32\Wbem;C:\Windows\System32\WindowsPowerShell\v1.0\;C:\Program Files\Intel\WiFi\bin\;C:\Program Files\Common Files\Intel\WirelessCommon\;C:\Program Files\Intel\Intel(R) Management Engine Components\DAL;C:\Program Files (x86)\Intel\Intel(R) Management Engine Components\DAL;C:\Program Files\Intel\Intel(R) Management Engine Components\IPT;C:\Program Files (x86)\Intel\Intel(R) Management Engine Components\IPT;C:\Program Files\ThinkPad\Bluetooth Software\;C:\Program Files\ThinkPad\Bluetooth Software\syswow64;C:\Program Files (x86)\Calibre2\;C:\Program Files\MiKTeX 2.9\miktex\bin\x64\;C:\Program Files (x86)\MiKTeX 2.9\miktex\bin\;C:\Program Files (x86)\Git\cmd;C:\Program Files (x86)\Windows Live\Shared;C:\Program Files\D3DGear;C:\Program Files (x86)\Skype\Phone\;C:\Users\Silverblade\.dnx\bin;C:\Program Files\Microsoft DNX\Dnvm\;C:\Windows\system32\Npcap;C:\ProgramData\chocolatey\bin;C:\Windows\System32\WindowsPowerShell\v1.0\;C:\Program Files (x86)\Heroku\bin;C:\gnuwin32\bin;C:\Vagrant\bin;C:\Program Files\Windows Imaging\;C:\Program Files\nodejs\;C:\gnuwin32\bin;C:\Users\Silverblade\AppData\Roaming\cabal\bin;C:\Users\Silverblade\AppData\Roaming\local\bin;C:\MinGW\bin;C:\gforth;C:\HashiCorp\Vagrant\bin;C:\Users\Silverblade\AppData\Local\Android\sdk\tools;C:\Users\Silverblade\AppData\Local\Android\sdk\platform-tools;C:\Program Files (x86)\Nmap;C:\RailsInstaller\phantomjs\bin;C:\Users\Silverblade\AppData\Local\Programs\Rust nightly GNU 1.12\bin;C:\lua-5.3.3_Win64_bin;C:\Program Files\R\R-3.3.1\bin;C:\Users\Silverblade\AppData\Roaming\npm
10 verbose lifecycle angular-quickstart@1.0.0~start: CWD: C:\angular-practice
11 silly lifecycle angular-quickstart@1.0.0~start: Args: [ '/d /s /c', 'tsc && concurrently "tsc -w" "lite-server" ' ]
12 silly lifecycle angular-quickstart@1.0.0~start: Returned: code: 3221225786  signal: null
13 info lifecycle angular-quickstart@1.0.0~start: Failed to exec start script
14 verbose stack Error: angular-quickstart@1.0.0 start: `tsc && concurrently "tsc -w" "lite-server" `
14 verbose stack Exit status 3221225786
14 verbose stack     at EventEmitter.<anonymous> (C:\Users\Silverblade\AppData\Roaming\npm\node_modules\npm\lib\utils\lifecycle.js:279:16)
14 verbose stack     at emitTwo (events.js:106:13)
14 verbose stack     at EventEmitter.emit (events.js:191:7)
14 verbose stack     at ChildProcess.<anonymous> (C:\Users\Silverblade\AppData\Roaming\npm\node_modules\npm\lib\utils\spawn.js:40:14)
14 verbose stack     at emitTwo (events.js:106:13)
14 verbose stack     at ChildProcess.emit (events.js:191:7)
14 verbose stack     at maybeClose (internal/child_process.js:877:16)
14 verbose stack     at Process.ChildProcess._handle.onexit (internal/child_process.js:226:5)
15 verbose pkgid angular-quickstart@1.0.0
16 verbose cwd C:\angular-practice\app
17 error Windows_NT 6.1.7601
18 error argv "C:\\Program Files\\nodejs\\node.exe" "C:\\Users\\Silverblade\\AppData\\Roaming\\npm\\node_modules\\npm\\bin\\npm-cli.js" "start"
19 error node v6.9.1
20 error npm  v4.0.2
21 error code ELIFECYCLE
22 error angular-quickstart@1.0.0 start: `tsc && concurrently "tsc -w" "lite-server" `
22 error Exit status 3221225786
23 error Failed at the angular-quickstart@1.0.0 start script 'tsc && concurrently "tsc -w" "lite-server" '.
23 error Make sure you have the latest version of node.js and npm installed.
23 error If you do, this is most likely a problem with the angular-quickstart package,
23 error not with npm itself.
23 error Tell the author that this fails on your system:
23 error     tsc && concurrently "tsc -w" "lite-server"
23 error You can get information on how to open an issue for this project with:
23 error     npm bugs angular-quickstart
23 error Or if that isn't available, you can get their info via:
23 error     npm owner ls angular-quickstart
23 error There is likely additional logging output above.
24 verbose exit [ 1, true ]
